<?xml version="1.0" encoding="UTF-8"?>
<!-- Generated by org.testng.reporters.JUnitXMLReporter -->
<testsuite ignored="0" hostname="DESKTOP-QDTAIDP" failures="0" tests="4" name="Default test" time="14.857" errors="0" timestamp="2023-04-21T05:56:03 IST">
  <testcase classname="api.test.UserTests" name="testPostUserByName" time="8.023"/>
  <testcase classname="api.test.UserTests" name="testGetUserByName" time="1.539"/>
  <testcase classname="api.test.UserTests" name="testUpdateUserByName" time="2.821"/>
  <testcase classname="api.test.UserTests" name="testDeleteUserByName" time="1.581"/>
</testsuite> <!-- Default test -->
