<?xml version="1.0" encoding="UTF-8"?>
<!-- Generated by org.testng.reporters.JUnitXMLReporter -->
<testsuite ignored="0" hostname="DESKTOP-QDTAIDP" failures="0" tests="4" name="Test" time="13.182" errors="0" timestamp="2023-04-21T05:58:22 IST">
  <testcase classname="api.test.UserTests" name="testPostUserByName" time="6.68"/>
  <testcase classname="api.test.UserTests" name="testGetUserByName" time="1.541"/>
  <testcase classname="api.test.UserTests" name="testUpdateUserByName" time="2.766"/>
  <testcase classname="api.test.UserTests" name="testDeleteUserByName" time="1.456"/>
</testsuite> <!-- Test -->
