<?xml version="1.0" encoding="UTF-8"?>
<!-- Generated by org.testng.reporters.JUnitXMLReporter -->
<testsuite ignored="0" hostname="DESKTOP-QDTAIDP" failures="0" tests="4" name="Test" time="12.875" errors="0" timestamp="2023-04-29T11:43:52 IST">
  <testcase classname="api.test.UserTests" name="testPostUserByName" time="7.276"/>
  <testcase classname="api.test.UserTests" name="testGetUserByName" time="1.269"/>
  <testcase classname="api.test.UserTests" name="testUpdateUserByName" time="2.27"/>
  <testcase classname="api.test.UserTests" name="testDeleteUserByName" time="1.206"/>
</testsuite> <!-- Test -->
