<?xml version="1.0" encoding="UTF-8"?>
<!-- Generated by org.testng.reporters.JUnitXMLReporter -->
<testsuite ignored="0" hostname="DESKTOP-QDTAIDP" failures="0" tests="4" name="Test" time="14.37" errors="0" timestamp="2023-04-21T14:26:12 IST">
  <testcase classname="api.test.UserTests" name="testPostUserByName" time="7.31"/>
  <testcase classname="api.test.UserTests" name="testGetUserByName" time="1.531"/>
  <testcase classname="api.test.UserTests" name="testUpdateUserByName" time="2.913"/>
  <testcase classname="api.test.UserTests" name="testDeleteUserByName" time="1.564"/>
</testsuite> <!-- Test -->
