<?xml version="1.0" encoding="UTF-8"?>
<testng-results ignored="0" total="4" passed="4" failed="0" skipped="0">
  <reporter-output>
  </reporter-output>
  <suite started-at="2023-04-29T11:43:39 IST" name="Suite" finished-at="2023-04-29T11:43:52 IST" duration-ms="12875">
    <groups>
    </groups>
    <test started-at="2023-04-29T11:43:39 IST" name="Test" finished-at="2023-04-29T11:43:52 IST" duration-ms="12875">
      <class name="api.test.UserTests">
        <test-method is-config="true" signature="setupdata()[pri:0, instance:api.test.UserTests@4d02f94e]" started-at="2023-04-29T11:43:40 IST" name="setupdata" finished-at="2023-04-29T11:43:40 IST" duration-ms="728" status="PASS">
          <reporter-output>
          </reporter-output>
        </test-method> <!-- setupdata -->
        <test-method signature="testPostUserByName()[pri:1, instance:api.test.UserTests@4d02f94e]" started-at="2023-04-29T11:43:40 IST" name="testPostUserByName" finished-at="2023-04-29T11:43:48 IST" duration-ms="7276" status="PASS">
          <reporter-output>
          </reporter-output>
        </test-method> <!-- testPostUserByName -->
        <test-method signature="testGetUserByName()[pri:2, instance:api.test.UserTests@4d02f94e]" started-at="2023-04-29T11:43:48 IST" name="testGetUserByName" finished-at="2023-04-29T11:43:49 IST" duration-ms="1269" status="PASS">
          <reporter-output>
          </reporter-output>
        </test-method> <!-- testGetUserByName -->
        <test-method signature="testUpdateUserByName()[pri:3, instance:api.test.UserTests@4d02f94e]" started-at="2023-04-29T11:43:49 IST" name="testUpdateUserByName" finished-at="2023-04-29T11:43:51 IST" duration-ms="2270" status="PASS">
          <reporter-output>
          </reporter-output>
        </test-method> <!-- testUpdateUserByName -->
        <test-method signature="testDeleteUserByName()[pri:4, instance:api.test.UserTests@4d02f94e]" started-at="2023-04-29T11:43:51 IST" name="testDeleteUserByName" finished-at="2023-04-29T11:43:52 IST" duration-ms="1206" status="PASS">
          <reporter-output>
          </reporter-output>
        </test-method> <!-- testDeleteUserByName -->
      </class> <!-- api.test.UserTests -->
    </test> <!-- Test -->
  </suite> <!-- Suite -->
</testng-results>
