<?xml version="1.0" encoding="UTF-8"?>
<testng-results ignored="0" total="4" passed="4" failed="0" skipped="0">
  <reporter-output>
  </reporter-output>
  <suite started-at="2023-04-28T14:05:21 IST" name="Suite" finished-at="2023-04-28T14:05:42 IST" duration-ms="21079">
    <groups>
    </groups>
    <test started-at="2023-04-28T14:05:21 IST" name="Test" finished-at="2023-04-28T14:05:42 IST" duration-ms="21079">
      <class name="api.test.UserTests">
        <test-method is-config="true" signature="setupdata()[pri:0, instance:api.test.UserTests@4310d43]" started-at="2023-04-28T14:05:21 IST" name="setupdata" finished-at="2023-04-28T14:05:22 IST" duration-ms="983" status="PASS">
          <reporter-output>
          </reporter-output>
        </test-method> <!-- setupdata -->
        <test-method signature="testPostUserByName()[pri:1, instance:api.test.UserTests@4310d43]" started-at="2023-04-28T14:05:22 IST" name="testPostUserByName" finished-at="2023-04-28T14:05:33 IST" duration-ms="11406" status="PASS">
          <reporter-output>
          </reporter-output>
        </test-method> <!-- testPostUserByName -->
        <test-method signature="testGetUserByName()[pri:2, instance:api.test.UserTests@4310d43]" started-at="2023-04-28T14:05:33 IST" name="testGetUserByName" finished-at="2023-04-28T14:05:35 IST" duration-ms="1394" status="PASS">
          <reporter-output>
          </reporter-output>
        </test-method> <!-- testGetUserByName -->
        <test-method signature="testUpdateUserByName()[pri:3, instance:api.test.UserTests@4310d43]" started-at="2023-04-28T14:05:35 IST" name="testUpdateUserByName" finished-at="2023-04-28T14:05:40 IST" duration-ms="4848" status="PASS">
          <reporter-output>
          </reporter-output>
        </test-method> <!-- testUpdateUserByName -->
        <test-method signature="testDeleteUserByName()[pri:4, instance:api.test.UserTests@4310d43]" started-at="2023-04-28T14:05:40 IST" name="testDeleteUserByName" finished-at="2023-04-28T14:05:42 IST" duration-ms="2273" status="PASS">
          <reporter-output>
          </reporter-output>
        </test-method> <!-- testDeleteUserByName -->
      </class> <!-- api.test.UserTests -->
    </test> <!-- Test -->
  </suite> <!-- Suite -->
</testng-results>
